<?xml version="1.0" encoding="UTF-8"?>
<!-- Generated by org.testng.reporters.JUnitReportReporter -->
<testsuite skipped="0" hostname="MacBook-Pro-2021.local" name="org.springframework.test.context.cache.ClassLevelDirtiesContextTestNGTests$InheritedClassLevelDirtiesContextWithDirtyMethodsTestCase" tests="1" failures="0" timestamp="2024-10-29T21:04:04 CST" time="0.001" errors="0">
  <testcase name="dirtyContext" time="0.001" classname="org.springframework.test.context.cache.ClassLevelDirtiesContextTestNGTests$InheritedClassLevelDirtiesContextWithDirtyMethodsTestCase"/>
  <system-out/>
</testsuite> <!-- org.springframework.test.context.cache.ClassLevelDirtiesContextTestNGTests$InheritedClassLevelDirtiesContextWithDirtyMethodsTestCase -->
