<?xml version="1.0" encoding="UTF-8"?>
<!-- Generated by org.testng.reporters.JUnitReportReporter -->
<testsuite hostname="bogon" failures="0" tests="3" name="org.springframework.test.context.cache.ClassLevelDirtiesContextTestNGTests$InheritedClassLevelDirtiesContextWithAfterEachTestMethodModeTestCase" time="0.004" errors="0" timestamp="2024-11-05T00:33:45 CST" skipped="0">
  <testcase classname="org.springframework.test.context.cache.ClassLevelDirtiesContextTestNGTests$InheritedClassLevelDirtiesContextWithAfterEachTestMethodModeTestCase" name="verifyContextWasAutowired2" time="0.001"/>
  <system-out/>
  <testcase classname="org.springframework.test.context.cache.ClassLevelDirtiesContextTestNGTests$InheritedClassLevelDirtiesContextWithAfterEachTestMethodModeTestCase" name="verifyContextWasAutowired3" time="0.001"/>
  <system-out/>
  <testcase classname="org.springframework.test.context.cache.ClassLevelDirtiesContextTestNGTests$InheritedClassLevelDirtiesContextWithAfterEachTestMethodModeTestCase" name="verifyContextWasAutowired1" time="0.002"/>
  <system-out/>
</testsuite> <!-- org.springframework.test.context.cache.ClassLevelDirtiesContextTestNGTests$InheritedClassLevelDirtiesContextWithAfterEachTestMethodModeTestCase -->
