<?xml version="1.0" encoding="UTF-8"?>
<!-- Generated by org.testng.reporters.JUnitReportReporter -->
<testsuite hostname="bogon" failures="0" tests="1" name="org.springframework.test.context.cache.ClassLevelDirtiesContextTestNGTests$InheritedClassLevelDirtiesContextWithCleanMethodsAndDefaultModeTestCase" time="0.001" errors="0" timestamp="2024-11-05T00:33:45 CST" skipped="0">
  <testcase classname="org.springframework.test.context.cache.ClassLevelDirtiesContextTestNGTests$InheritedClassLevelDirtiesContextWithCleanMethodsAndDefaultModeTestCase" name="verifyContextWasAutowired" time="0.001"/>
  <system-out/>
</testsuite> <!-- org.springframework.test.context.cache.ClassLevelDirtiesContextTestNGTests$InheritedClassLevelDirtiesContextWithCleanMethodsAndDefaultModeTestCase -->
